<?xml version="1.0" encoding="UTF-8"?>
<testng-results ignored="0" total="3" passed="3" failed="0" skipped="0">
  <reporter-output>
  </reporter-output>
  <suite started-at="2024-10-01T20:29:33 CDT" name="Suite" finished-at="2024-10-01T20:29:46 CDT" duration-ms="12511">
    <groups>
    </groups>
    <test started-at="2024-10-01T20:29:33 CDT" name="Test" finished-at="2024-10-01T20:29:46 CDT" duration-ms="12511">
      <class name="Test.SampleTest">
        <test-method is-config="true" signature="beforeMethod()[pri:0, instance:Test.SampleTest@413d1baf]" started-at="2024-10-01T20:29:33 CDT" name="beforeMethod" finished-at="2024-10-01T20:29:38 CDT" duration-ms="4592" status="PASS">
          <reporter-output>
          </reporter-output>
        </test-method> <!-- beforeMethod -->
        <test-method signature="testCase1()[pri:0, instance:Test.SampleTest@413d1baf]" started-at="2024-10-01T20:29:38 CDT" name="testCase1" finished-at="2024-10-01T20:29:38 CDT" duration-ms="12" status="PASS">
          <reporter-output>
          </reporter-output>
        </test-method> <!-- testCase1 -->
        <test-method is-config="true" signature="afterMethod()[pri:0, instance:Test.SampleTest@413d1baf]" started-at="2024-10-01T20:29:38 CDT" name="afterMethod" finished-at="2024-10-01T20:29:38 CDT" duration-ms="180" status="PASS">
          <reporter-output>
          </reporter-output>
        </test-method> <!-- afterMethod -->
        <test-method is-config="true" signature="beforeMethod()[pri:0, instance:Test.SampleTest@413d1baf]" started-at="2024-10-01T20:29:38 CDT" name="beforeMethod" finished-at="2024-10-01T20:29:42 CDT" duration-ms="3703" status="PASS">
          <reporter-output>
          </reporter-output>
        </test-method> <!-- beforeMethod -->
        <test-method signature="testCase2()[pri:0, instance:Test.SampleTest@413d1baf]" started-at="2024-10-01T20:29:42 CDT" name="testCase2" finished-at="2024-10-01T20:29:42 CDT" duration-ms="2" status="PASS">
          <reporter-output>
          </reporter-output>
        </test-method> <!-- testCase2 -->
        <test-method is-config="true" signature="afterMethod()[pri:0, instance:Test.SampleTest@413d1baf]" started-at="2024-10-01T20:29:42 CDT" name="afterMethod" finished-at="2024-10-01T20:29:42 CDT" duration-ms="89" status="PASS">
          <reporter-output>
          </reporter-output>
        </test-method> <!-- afterMethod -->
        <test-method is-config="true" signature="beforeMethod()[pri:0, instance:Test.SampleTest@413d1baf]" started-at="2024-10-01T20:29:42 CDT" name="beforeMethod" finished-at="2024-10-01T20:29:46 CDT" duration-ms="3733" status="PASS">
          <reporter-output>
          </reporter-output>
        </test-method> <!-- beforeMethod -->
        <test-method signature="testCase3()[pri:0, instance:Test.SampleTest@413d1baf]" started-at="2024-10-01T20:29:46 CDT" name="testCase3" finished-at="2024-10-01T20:29:46 CDT" duration-ms="3" status="PASS">
          <reporter-output>
          </reporter-output>
        </test-method> <!-- testCase3 -->
        <test-method is-config="true" signature="afterMethod()[pri:0, instance:Test.SampleTest@413d1baf]" started-at="2024-10-01T20:29:46 CDT" name="afterMethod" finished-at="2024-10-01T20:29:46 CDT" duration-ms="128" status="PASS">
          <reporter-output>
          </reporter-output>
        </test-method> <!-- afterMethod -->
      </class> <!-- Test.SampleTest -->
    </test> <!-- Test -->
  </suite> <!-- Suite -->
</testng-results>
